
INFO     Validating project: EarEjbCifrasControl
INFO     Finished validating project: EarEjbCifrasControl

INFO     Validating project: EarWebCifrasControl
INFO     Finished validating project: EarWebCifrasControl

INFO     Validating project: EjbCifrasControl
INFO     Finished validating project: EjbCifrasControl

INFO     Validating project: EjbCifrasControlClient
INFO     Finished validating project: EjbCifrasControlClient

INFO     Validating project: WarCifrasControl
INFO     Finished validating project: WarCifrasControl

INFO     Validating project: WarCifrasControl_Ejb
INFO     Finished validating project: WarCifrasControl_Ejb

Migration complete

INFO     Validating project: EarEjbCifrasControl
INFO     Finished validating project: EarEjbCifrasControl

INFO     Validating project: EarWebCifrasControl
INFO     Finished validating project: EarWebCifrasControl

INFO     Validating project: EjbCifrasControl
INFO     Finished validating project: EjbCifrasControl

INFO     Validating project: EjbCifrasControlClient
INFO     Finished validating project: EjbCifrasControlClient

INFO     Validating project: WarCifrasControl
INFO     Finished validating project: WarCifrasControl

INFO     Validating project: WarCifrasControl_Ejb
INFO     Finished validating project: WarCifrasControl_Ejb

Migration complete
